[debug] [2023-02-13T00:36:10.934Z] ----------------------------------------------------------------------
[debug] [2023-02-13T00:36:10.935Z] Command:       C:\Program Files\nodejs\node.exe C:\Users\Luis\AppData\Roaming\npm\node_modules\firebase-tools\lib\bin\firebase.js init
[debug] [2023-02-13T00:36:10.936Z] CLI Version:   11.16.1
[debug] [2023-02-13T00:36:10.936Z] Platform:      win32
[debug] [2023-02-13T00:36:10.936Z] Node Version:  v16.17.0
[debug] [2023-02-13T00:36:10.937Z] Time:          Sun Feb 12 2023 19:36:10 GMT-0500 (Eastern Standard Time)
[debug] [2023-02-13T00:36:10.937Z] ----------------------------------------------------------------------
[debug] 
[debug] [2023-02-13T00:36:10.999Z] > command requires scopes: ["email","openid","https://www.googleapis.com/auth/cloudplatformprojects.readonly","https://www.googleapis.com/auth/firebase","https://www.googleapis.com/auth/cloud-platform"]
[debug] [2023-02-13T00:36:10.999Z] > authorizing via signed-in user (luis29178@gmail.com)
[info] 
     ######## #### ########  ######## ########     ###     ######  ########
     ##        ##  ##     ## ##       ##     ##  ##   ##  ##       ##
     ######    ##  ########  ######   ########  #########  ######  ######
     ##        ##  ##    ##  ##       ##     ## ##     ##       ## ##
     ##       #### ##     ## ######## ########  ##     ##  ######  ########

You're about to initialize a Firebase project in this directory:

  D:\Fullsail\Project App\TJCP\my-react-app

Before we get started, keep in mind:

  * You are initializing within an existing Firebase project directory

[info] 
=== Project Setup
[info] 
[info] First, let's associate this project directory with a Firebase project.
[info] You can create multiple project aliases by running firebase use --add, 
[info] but for now we'll just set up a default project.
[info] 
[debug] [2023-02-13T00:36:21.344Z] Using project from CLI flag: capstone-eeab2
[debug] [2023-02-13T00:36:21.345Z] > refreshing access token with scopes: []
[debug] [2023-02-13T00:36:21.347Z] >>> [apiv2][query] POST https://www.googleapis.com/oauth2/v3/token [none]
[debug] [2023-02-13T00:36:21.347Z] >>> [apiv2][body] POST https://www.googleapis.com/oauth2/v3/token [omitted]
[debug] [2023-02-13T00:36:21.527Z] <<< [apiv2][status] POST https://www.googleapis.com/oauth2/v3/token 200
[debug] [2023-02-13T00:36:21.527Z] <<< [apiv2][body] POST https://www.googleapis.com/oauth2/v3/token [omitted]
[debug] [2023-02-13T00:36:21.537Z] >>> [apiv2][query] GET https://firebase.googleapis.com/v1beta1/projects/capstone-eeab2 [none]
[debug] [2023-02-13T00:36:21.860Z] <<< [apiv2][status] GET https://firebase.googleapis.com/v1beta1/projects/capstone-eeab2 200
[debug] [2023-02-13T00:36:21.860Z] <<< [apiv2][body] GET https://firebase.googleapis.com/v1beta1/projects/capstone-eeab2 {"projectId":"capstone-eeab2","projectNumber":"779758566575","displayName":"CapStone","name":"projects/capstone-eeab2","resources":{"hostingSite":"capstone-eeab2","realtimeDatabaseInstance":"capstone-eeab2-default-rtdb","storageBucket":"capstone-eeab2.appspot.com","locationId":"us-central"},"state":"ACTIVE","etag":"1_ed6bc9bc-8a70-4c08-bec6-30c4c3f020a0"}
[info] i  Using project capstone-eeab2 (CapStone) 
[info] 
=== Storage Setup
[info] 
[info] Firebase Storage Security Rules allow you to define how and when to allow
[info] uploads and downloads. You can keep these rules in your project directory
[info] and publish them with firebase deploy.
[info] 
